<?xml version="1.0" encoding="UTF-8"?>
<!-- Generated by org.testng.reporters.JUnitXMLReporter -->
<testsuite hostname="DESKTOP-D0I86OQ" ignored="0" name="Default test" tests="6" failures="0" timestamp="15 Jun 2022 13:17:45 GMT" time="8.076" errors="0">
  <testcase name="login" time="2.957" classname="com.test.OMRBranchClub"/>
  <testcase name="createAddress" time="0.855" classname="com.test.OMRBranchClub"/>
  <testcase name="updateAddress" time="0.959" classname="com.test.OMRBranchClub"/>
  <testcase name="getAddresses" time="1.121" classname="com.test.OMRBranchClub"/>
  <testcase name="deleteAddress" time="0.68" classname="com.test.OMRBranchClub"/>
  <testcase name="profilepicUpdate" time="1.478" classname="com.test.OMRBranchClub"/>
</testsuite> <!-- Default test -->
