<?xml version="1.0" encoding="UTF-8"?>
<testng-results skipped="0" failed="0" ignored="0" total="6" passed="6">
  <reporter-output>
  </reporter-output>
  <suite name="Default suite" duration-ms="8076" started-at="2022-06-15T13:17:37Z" finished-at="2022-06-15T13:17:45Z">
    <groups>
    </groups>
    <test name="Default test" duration-ms="8076" started-at="2022-06-15T13:17:37Z" finished-at="2022-06-15T13:17:45Z">
      <class name="com.test.OMRBranchClub">
        <test-method status="PASS" signature="login()[pri:1, instance:com.test.OMRBranchClub@3532ec19]" name="login" duration-ms="2957" started-at="2022-06-15T13:17:37Z" finished-at="2022-06-15T13:17:40Z">
          <reporter-output>
          </reporter-output>
        </test-method> <!-- login -->
        <test-method status="PASS" signature="createAddress()[pri:2, instance:com.test.OMRBranchClub@3532ec19]" name="createAddress" duration-ms="855" started-at="2022-06-15T13:17:40Z" finished-at="2022-06-15T13:17:41Z">
          <reporter-output>
          </reporter-output>
        </test-method> <!-- createAddress -->
        <test-method status="PASS" signature="updateAddress()[pri:3, instance:com.test.OMRBranchClub@3532ec19]" name="updateAddress" duration-ms="959" started-at="2022-06-15T13:17:41Z" finished-at="2022-06-15T13:17:42Z">
          <reporter-output>
          </reporter-output>
        </test-method> <!-- updateAddress -->
        <test-method status="PASS" signature="getAddresses()[pri:4, instance:com.test.OMRBranchClub@3532ec19]" name="getAddresses" duration-ms="1121" started-at="2022-06-15T13:17:42Z" finished-at="2022-06-15T13:17:43Z">
          <reporter-output>
          </reporter-output>
        </test-method> <!-- getAddresses -->
        <test-method status="PASS" signature="deleteAddress()[pri:5, instance:com.test.OMRBranchClub@3532ec19]" name="deleteAddress" duration-ms="680" started-at="2022-06-15T13:17:43Z" finished-at="2022-06-15T13:17:44Z">
          <reporter-output>
          </reporter-output>
        </test-method> <!-- deleteAddress -->
        <test-method status="PASS" signature="profilepicUpdate()[pri:6, instance:com.test.OMRBranchClub@3532ec19]" name="profilepicUpdate" duration-ms="1478" started-at="2022-06-15T13:17:44Z" finished-at="2022-06-15T13:17:45Z">
          <reporter-output>
          </reporter-output>
        </test-method> <!-- profilepicUpdate -->
      </class> <!-- com.test.OMRBranchClub -->
    </test> <!-- Default test -->
  </suite> <!-- Default suite -->
</testng-results>
